Performing C SOURCE FILE Test CMAKE_HAVE_LIBC_PTHREAD failed with the following output:
Change Dir: /home/aocsa/CLionProjects/utecdf_cpp/build/CMakeFiles/CMakeTmp

Run Build Command(s):/usr/bin/make cmTC_5fd17/fast && /usr/bin/make -f CMakeFiles/cmTC_5fd17.dir/build.make CMakeFiles/cmTC_5fd17.dir/build
make[1]: Entering directory '/home/aocsa/CLionProjects/utecdf_cpp/build/CMakeFiles/CMakeTmp'
Building C object CMakeFiles/cmTC_5fd17.dir/src.c.o
/usr/bin/cc   -DCMAKE_HAVE_LIBC_PTHREAD   -o CMakeFiles/cmTC_5fd17.dir/src.c.o   -c /home/aocsa/CLionProjects/utecdf_cpp/build/CMakeFiles/CMakeTmp/src.c
Linking C executable cmTC_5fd17
/home/aocsa/miniconda3/envs/blazingsql-env/bin/cmake -E cmake_link_script CMakeFiles/cmTC_5fd17.dir/link.txt --verbose=1
/usr/bin/cc  -DCMAKE_HAVE_LIBC_PTHREAD    CMakeFiles/cmTC_5fd17.dir/src.c.o  -o cmTC_5fd17 
CMakeFiles/cmTC_5fd17.dir/src.c.o: In function `main':
src.c:(.text+0x3e): undefined reference to `pthread_create'
src.c:(.text+0x4a): undefined reference to `pthread_detach'
src.c:(.text+0x5b): undefined reference to `pthread_join'
src.c:(.text+0x6f): undefined reference to `pthread_atfork'
collect2: error: ld returned 1 exit status
CMakeFiles/cmTC_5fd17.dir/build.make:86: recipe for target 'cmTC_5fd17' failed
make[1]: *** [cmTC_5fd17] Error 1
make[1]: Leaving directory '/home/aocsa/CLionProjects/utecdf_cpp/build/CMakeFiles/CMakeTmp'
Makefile:121: recipe for target 'cmTC_5fd17/fast' failed
make: *** [cmTC_5fd17/fast] Error 2


Source file was:
#include <pthread.h>

void* test_func(void* data)
{
  return data;
}

int main(void)
{
  pthread_t thread;
  pthread_create(&thread, NULL, test_func, NULL);
  pthread_detach(thread);
  pthread_join(thread, NULL);
  pthread_atfork(NULL, NULL, NULL);
  pthread_exit(NULL);

  return 0;
}

Determining if the function pthread_create exists in the pthreads failed with the following output:
Change Dir: /home/aocsa/CLionProjects/utecdf_cpp/build/CMakeFiles/CMakeTmp

Run Build Command(s):/usr/bin/make cmTC_7a05c/fast && /usr/bin/make -f CMakeFiles/cmTC_7a05c.dir/build.make CMakeFiles/cmTC_7a05c.dir/build
make[1]: Entering directory '/home/aocsa/CLionProjects/utecdf_cpp/build/CMakeFiles/CMakeTmp'
Building C object CMakeFiles/cmTC_7a05c.dir/CheckFunctionExists.c.o
/usr/bin/cc   -DCHECK_FUNCTION_EXISTS=pthread_create   -o CMakeFiles/cmTC_7a05c.dir/CheckFunctionExists.c.o   -c /home/aocsa/miniconda3/envs/blazingsql-env/share/cmake-3.15/Modules/CheckFunctionExists.c
Linking C executable cmTC_7a05c
/home/aocsa/miniconda3/envs/blazingsql-env/bin/cmake -E cmake_link_script CMakeFiles/cmTC_7a05c.dir/link.txt --verbose=1
/usr/bin/cc  -DCHECK_FUNCTION_EXISTS=pthread_create    CMakeFiles/cmTC_7a05c.dir/CheckFunctionExists.c.o  -o cmTC_7a05c -lpthreads 
/usr/bin/ld: cannot find -lpthreads
collect2: error: ld returned 1 exit status
CMakeFiles/cmTC_7a05c.dir/build.make:86: recipe for target 'cmTC_7a05c' failed
make[1]: *** [cmTC_7a05c] Error 1
make[1]: Leaving directory '/home/aocsa/CLionProjects/utecdf_cpp/build/CMakeFiles/CMakeTmp'
Makefile:121: recipe for target 'cmTC_7a05c/fast' failed
make: *** [cmTC_7a05c/fast] Error 2



